<?xml version="1.0" encoding="UTF-8"?>
<!-- Generated by org.testng.reporters.JUnitXMLReporter -->
<testsuite ignored="0" hostname="DESKTOP-2JLVABI" failures="0" tests="3" name="Standalonetest3 Test" time="66.544" errors="0" timestamp="2022-10-03T13:15:16 IST">
  <testcase classname="Framework_3.Nwpro.Standalonetest3" name="Standalo" time="26.08"/>
  <testcase classname="Framework_3.Nwpro.Standalonetest3" name="Standalo" time="23.058"/>
  <testcase classname="Framework_3.Nwpro.Standalonetest3" name="OrderTest" time="17.288"/>
</testsuite> <!-- Standalonetest3 Test -->
