<?xml version="1.0" encoding="UTF-8"?>
<!-- Generated by org.testng.reporters.JUnitXMLReporter -->
<testsuite ignored="0" hostname="DESKTOP-2JLVABI" failures="0" tests="4" name="Test" time="83.324" errors="0" timestamp="2022-09-30T16:52:52 IST">
  <testcase classname="Framework_3.Nwpro.Standalonetest3" name="Standalo" time="24.774"/>
  <testcase classname="Framework_3.Nwpro.Standalonetest3" name="Standalo" time="31.172"/>
  <testcase classname="Framework_3.Nwpro.Standalonetest3" name="OrderTest" time="16.38"/>
  <testcase classname="Framework_3.Nwpro.ErrorValidationTest" name="Standalo" time="10.857"/>
</testsuite> <!-- Test -->
