<?xml version="1.0" encoding="UTF-8"?>
<testsuite xmlns:xsi="http://www.w3.org/2001/XMLSchema-instance" xsi:noNamespaceSchemaLocation="https://maven.apache.org/surefire/maven-surefire-plugin/xsd/surefire-test-report-3.0.xsd" version="3.0" name="TestSuite" time="68.435" tests="4" errors="0" skipped="0" failures="0">
  <properties>
[...]
</properties>
  <testcase name="Standalo" classname="Framework_3.Nwpro.ErrorValidationTest" time="12.33">
    <system-out><![CDATA[Incorrect email or password.
]]></system-out>
    <system-err><![CDATA[SLF4J: Failed to load class "org.slf4j.impl.StaticLoggerBinder".
SLF4J: Defaulting to no-operation (NOP) logger implementation
SLF4J: See http://www.slf4j.org/codes.html#StaticLoggerBinder for further details.
SSttaarrttiingn gC hCrhormoeDmreiDvreirv e1r05 .100.55.1095..5512 9(54.152c29 5(e451128c89365de85a178d9873265d08da672bd2997c22a5e06da6226ba8259-cr2eafes6/bar2a6nac8h5--hreaedfss/51/95b@r{a#n85c3h}-)h oena dpsor/t5 1499359@2{#
8On5l3y} )l oocna l pcoornnte c5t7i6o9ns8 a
rOen layl lloocwaeld .co
Pnlneeacstei osenes  ahtrtep s:a/l/lcohwreodm.e
dPrlievaseer s.eec hhrtotmpis:u/m/.chroormge/dsrievceurr.ichtryo-mciounms.iodregr/asteicounrsi tfyo-rc osungsgideesrtiaotniosn s ofno rk eseupgignge sCtihornos mone Dkreeipvinegr  Csharfoem.eD
river safe.
CChhrroommeeDDrriivveerr  wwaass  ssttaarrtetde ds uscuccceesssfsufully.
lly.
Oct 03, 2022 1:14:18 PM org.openqa.selenium.remote.ProtocolHandshake createSession
INFO: Detected upstream dialect: W3C
Oct 03, 2022 1:14:18 PM org.openqa.selenium.remote.ProtocolHandshake createSession
INFO: Detected upstream dialect: W3C
Oct 03, 2022 1:14:19 PM org.openqa.selenium.devtools.CdpVersionFinder findNearestMatch
WARNING: Unable to find an exact match for CDP version 105, so returning the closest version found: 104
Oct 03, 2022 1:14:19 PM org.openqa.selenium.devtools.CdpVersionFinder findNearestMatch
WARNING: Unable to find an exact match for CDP version 105, so returning the closest version found: 104
Oct 03, 2022 1:14:19 PM org.openqa.selenium.devtools.CdpVersionFinder findNearestMatch
INFO: Found CDP implementation for version 105 of 104
Oct 03, 2022 1:14:19 PM org.openqa.selenium.devtools.CdpVersionFinder findNearestMatch
INFO: Found CDP implementation for version 105 of 104
]]></system-err>
  </testcase>
  <testcase name="Standalo[{password=Pavan@558, email=santoshpavan.111@gmail.com}](1)" classname="Framework_3.Nwpro.Standalonetest3" time="26.077">
    <system-out><![CDATA[iam good to have
]]></system-out>
  </testcase>
  <testcase name="Standalo[{password=Hemanth@4435, email=pavanvetcha558@gmail.com}](2)" classname="Framework_3.Nwpro.Standalonetest3" time="23.059">
    <system-out><![CDATA[iam good to have
]]></system-out>
    <system-err><![CDATA[Starting ChromeDriver 105.0.5195.52 (412c95e518836d8a7d97250d62b29c2ae6a26a85-refs/branch-heads/5195@{#853}) on port 50697
Only local connections are allowed.
Please see https://chromedriver.chromium.org/security-considerations for suggestions on keeping ChromeDriver safe.
ChromeDriver was started successfully.
Oct 03, 2022 1:14:39 PM org.openqa.selenium.remote.ProtocolHandshake createSession
INFO: Detected upstream dialect: W3C
Oct 03, 2022 1:14:39 PM org.openqa.selenium.devtools.CdpVersionFinder findNearestMatch
WARNING: Unable to find an exact match for CDP version 105, so returning the closest version found: 104
Oct 03, 2022 1:14:39 PM org.openqa.selenium.devtools.CdpVersionFinder findNearestMatch
INFO: Found CDP implementation for version 105 of 104
]]></system-err>
  </testcase>
  <testcase name="OrderTest" classname="Framework_3.Nwpro.Standalonetest3" time="17.293">
    <system-out><![CDATA[Iam pavan
Iam pavan1
]]></system-out>
    <system-err><![CDATA[Starting ChromeDriver 105.0.5195.52 (412c95e518836d8a7d97250d62b29c2ae6a26a85-refs/branch-heads/5195@{#853}) on port 60140
Only local connections are allowed.
Please see https://chromedriver.chromium.org/security-considerations for suggestions on keeping ChromeDriver safe.
ChromeDriver was started successfully.
Oct 03, 2022 1:15:02 PM org.openqa.selenium.remote.ProtocolHandshake createSession
INFO: Detected upstream dialect: W3C
Oct 03, 2022 1:15:02 PM org.openqa.selenium.devtools.CdpVersionFinder findNearestMatch
WARNING: Unable to find an exact match for CDP version 105, so returning the closest version found: 104
Oct 03, 2022 1:15:02 PM org.openqa.selenium.devtools.CdpVersionFinder findNearestMatch
INFO: Found CDP implementation for version 105 of 104
]]></system-err>
  </testcase>
</testsuite>